This is pdfTeX, Version 3.141592653-2.6-1.40.24 (MiKTeX 22.1) (preloaded format=pdflatex 2022.2.26)  23 SEP 2024 11:32
entering extended mode
 restricted \write18 enabled.
 %&-line parsing enabled.
**./latex-beamer-tutorial.tex
(latex-beamer-tutorial.tex
LaTeX2e <2021-11-15> patch level 1
L3 programming layer <2022-02-21>
(D:\Programme\MiKTeX\tex/latex/beamer\beamer.cls
Document Class: beamer 2022/02/08 v3.66 A class for typesetting presentations
(D:\Programme\MiKTeX\tex/latex/beamer\beamerbasemodes.sty
(D:\Programme\MiKTeX\tex/latex/etoolbox\etoolbox.sty
Package: etoolbox 2020/10/05 v2.5k e-TeX tools for LaTeX (JAW)
\etb@tempcnta=\count185
)
\beamer@tempbox=\box50
\beamer@tempcount=\count186
\c@beamerpauses=\count187

(D:\Programme\MiKTeX\tex/latex/beamer\beamerbasedecode.sty
\beamer@slideinframe=\count188
\beamer@minimum=\count189
\beamer@decode@box=\box51
)
\beamer@commentbox=\box52
\beamer@modecount=\count190
)
(D:\Programme\MiKTeX\tex/generic/iftex\iftex.sty
Package: iftex 2022/02/03 v1.0f TeX engine tests
)
\headdp=\dimen138
\footheight=\dimen139
\sidebarheight=\dimen140
\beamer@tempdim=\dimen141
\beamer@finalheight=\dimen142
\beamer@animht=\dimen143
\beamer@animdp=\dimen144
\beamer@animwd=\dimen145
\beamer@leftmargin=\dimen146
\beamer@rightmargin=\dimen147
\beamer@leftsidebar=\dimen148
\beamer@rightsidebar=\dimen149
\beamer@boxsize=\dimen150
\beamer@vboxoffset=\dimen151
\beamer@descdefault=\dimen152
\beamer@descriptionwidth=\dimen153
\beamer@lastskip=\skip47
\beamer@areabox=\box53
\beamer@animcurrent=\box54
\beamer@animshowbox=\box55
\beamer@sectionbox=\box56
\beamer@logobox=\box57
\beamer@linebox=\box58
\beamer@sectioncount=\count191
\beamer@subsubsectionmax=\count192
\beamer@subsectionmax=\count193
\beamer@sectionmax=\count194
\beamer@totalheads=\count195
\beamer@headcounter=\count196
\beamer@partstartpage=\count197
\beamer@sectionstartpage=\count198
\beamer@subsectionstartpage=\count199
\beamer@animationtempa=\count266
\beamer@animationtempb=\count267
\beamer@xpos=\count268
\beamer@ypos=\count269
\beamer@ypos@offset=\count270
\beamer@showpartnumber=\count271
\beamer@currentsubsection=\count272
\beamer@coveringdepth=\count273
\beamer@sectionadjust=\count274
\beamer@toclastsection=\count275
\beamer@tocsectionnumber=\count276

(D:\Programme\MiKTeX\tex/latex/beamer\beamerbaseoptions.sty
(D:\Programme\MiKTeX\tex/latex/graphics\keyval.sty
Package: keyval 2014/10/28 v1.15 key=value parser (DPC)
\KV@toks@=\toks16
))
\beamer@paperwidth=\skip48
\beamer@paperheight=\skip49

(D:\Programme\MiKTeX\tex/latex/geometry\geometry.sty
Package: geometry 2020/01/02 v5.9 Page Geometry

(D:\Programme\MiKTeX\tex/generic/iftex\ifvtex.sty
Package: ifvtex 2019/10/25 v1.7 ifvtex legacy package. Use iftex instead.
)
\Gm@cnth=\count277
\Gm@cntv=\count278
\c@Gm@tempcnt=\count279
\Gm@bindingoffset=\dimen154
\Gm@wd@mp=\dimen155
\Gm@odd@mp=\dimen156
\Gm@even@mp=\dimen157
\Gm@layoutwidth=\dimen158
\Gm@layoutheight=\dimen159
\Gm@layouthoffset=\dimen160
\Gm@layoutvoffset=\dimen161
\Gm@dimlist=\toks17

(D:\Programme\MiKTeX\tex/latex/geometry\geometry.cfg))
(D:\Programme\MiKTeX\tex/latex/pgf/math\pgfmath.sty
(D:\Programme\MiKTeX\tex/latex/pgf/utilities\pgfrcs.sty
(D:\Programme\MiKTeX\tex/generic/pgf/utilities\pgfutil-common.tex
\pgfutil@everybye=\toks18
\pgfutil@tempdima=\dimen162
\pgfutil@tempdimb=\dimen163

(D:\Programme\MiKTeX\tex/generic/pgf/utilities\pgfutil-common-lists.tex))
(D:\Programme\MiKTeX\tex/generic/pgf/utilities\pgfutil-latex.def
\pgfutil@abb=\box59
)
(D:\Programme\MiKTeX\tex/generic/pgf/utilities\pgfrcs.code.tex
(D:\Programme\MiKTeX\tex/generic/pgf\pgf.revision.tex)
Package: pgfrcs 2021/05/15 v3.1.9a (3.1.9a)
))
(D:\Programme\MiKTeX\tex/latex/pgf/utilities\pgfkeys.sty
(D:\Programme\MiKTeX\tex/generic/pgf/utilities\pgfkeys.code.tex
\pgfkeys@pathtoks=\toks19
\pgfkeys@temptoks=\toks20

(D:\Programme\MiKTeX\tex/generic/pgf/utilities\pgfkeysfiltered.code.tex
\pgfkeys@tmptoks=\toks21
)))
(D:\Programme\MiKTeX\tex/generic/pgf/math\pgfmath.code.tex
(D:\Programme\MiKTeX\tex/generic/pgf/math\pgfmathcalc.code.tex
(D:\Programme\MiKTeX\tex/generic/pgf/math\pgfmathutil.code.tex
\pgf@x=\dimen164
\pgf@xa=\dimen165
\pgf@xb=\dimen166
\pgf@xc=\dimen167
\pgf@y=\dimen168
\pgf@ya=\dimen169
\pgf@yb=\dimen170
\pgf@yc=\dimen171
\c@pgf@counta=\count280
\c@pgf@countb=\count281
\c@pgf@countc=\count282
\c@pgf@countd=\count283
)
(D:\Programme\MiKTeX\tex/generic/pgf/math\pgfmathparser.code.tex
\pgfmath@dimen=\dimen172
\pgfmath@count=\count284
\pgfmath@box=\box60
\pgfmath@toks=\toks22
\pgfmath@stack@operand=\toks23
\pgfmath@stack@operation=\toks24
)
(D:\Programme\MiKTeX\tex/generic/pgf/math\pgfmathfunctions.code.tex
(D:\Programme\MiKTeX\tex/generic/pgf/math\pgfmathfunctions.basic.code.tex)
(D:\Programme\MiKTeX\tex/generic/pgf/math\pgfmathfunctions.trigonometric.code.t
ex) (D:\Programme\MiKTeX\tex/generic/pgf/math\pgfmathfunctions.random.code.tex)
(D:\Programme\MiKTeX\tex/generic/pgf/math\pgfmathfunctions.comparison.code.tex)
(D:\Programme\MiKTeX\tex/generic/pgf/math\pgfmathfunctions.base.code.tex)
(D:\Programme\MiKTeX\tex/generic/pgf/math\pgfmathfunctions.round.code.tex)
(D:\Programme\MiKTeX\tex/generic/pgf/math\pgfmathfunctions.misc.code.tex)
(D:\Programme\MiKTeX\tex/generic/pgf/math\pgfmathfunctions.integerarithmetics.c
ode.tex))) (D:\Programme\MiKTeX\tex/generic/pgf/math\pgfmathfloat.code.tex
\c@pgfmathroundto@lastzeros=\count285
)))
(D:\Programme\MiKTeX\tex/latex/base\size11.clo
File: size11.clo 2021/10/04 v1.4n Standard LaTeX file (size option)
)
(D:\Programme\MiKTeX\tex/latex/pgf/basiclayer\pgfcore.sty
(D:\Programme\MiKTeX\tex/latex/graphics\graphicx.sty
Package: graphicx 2021/09/16 v1.2d Enhanced LaTeX Graphics (DPC,SPQR)

(D:\Programme\MiKTeX\tex/latex/graphics\graphics.sty
Package: graphics 2021/03/04 v1.4d Standard LaTeX Graphics (DPC,SPQR)

(D:\Programme\MiKTeX\tex/latex/graphics\trig.sty
Package: trig 2021/08/11 v1.11 sin cos tan (DPC)
)
(D:\Programme\MiKTeX\tex/latex/graphics-cfg\graphics.cfg
File: graphics.cfg 2016/06/04 v1.11 sample graphics configuration
)
Package graphics Info: Driver file: pdftex.def on input line 107.

(D:\Programme\MiKTeX\tex/latex/graphics-def\pdftex.def
File: pdftex.def 2020/10/05 v1.2a Graphics/color driver for pdftex
))
\Gin@req@height=\dimen173
\Gin@req@width=\dimen174
)
(D:\Programme\MiKTeX\tex/latex/pgf/systemlayer\pgfsys.sty
(D:\Programme\MiKTeX\tex/generic/pgf/systemlayer\pgfsys.code.tex
Package: pgfsys 2021/05/15 v3.1.9a (3.1.9a)

(D:\Programme\MiKTeX\tex/generic/pgf/utilities\pgfkeys.code.tex)
\pgf@x=\dimen175
\pgf@y=\dimen176
\pgf@xa=\dimen177
\pgf@ya=\dimen178
\pgf@xb=\dimen179
\pgf@yb=\dimen180
\pgf@xc=\dimen181
\pgf@yc=\dimen182
\pgf@xd=\dimen183
\pgf@yd=\dimen184
\w@pgf@writea=\write3
\r@pgf@reada=\read2
\c@pgf@counta=\count286
\c@pgf@countb=\count287
\c@pgf@countc=\count288
\c@pgf@countd=\count289
\t@pgf@toka=\toks25
\t@pgf@tokb=\toks26
\t@pgf@tokc=\toks27
\pgf@sys@id@count=\count290

(D:\Programme\MiKTeX\tex/generic/pgf/systemlayer\pgf.cfg
File: pgf.cfg 2021/05/15 v3.1.9a (3.1.9a)
)
Driver file for pgf: pgfsys-pdftex.def

(D:\Programme\MiKTeX\tex/generic/pgf/systemlayer\pgfsys-pdftex.def
File: pgfsys-pdftex.def 2021/05/15 v3.1.9a (3.1.9a)

(D:\Programme\MiKTeX\tex/generic/pgf/systemlayer\pgfsys-common-pdf.def
File: pgfsys-common-pdf.def 2021/05/15 v3.1.9a (3.1.9a)
)))
(D:\Programme\MiKTeX\tex/generic/pgf/systemlayer\pgfsyssoftpath.code.tex
File: pgfsyssoftpath.code.tex 2021/05/15 v3.1.9a (3.1.9a)
\pgfsyssoftpath@smallbuffer@items=\count291
\pgfsyssoftpath@bigbuffer@items=\count292
)
(D:\Programme\MiKTeX\tex/generic/pgf/systemlayer\pgfsysprotocol.code.tex
File: pgfsysprotocol.code.tex 2021/05/15 v3.1.9a (3.1.9a)
))
(D:\Programme\MiKTeX\tex/latex/xcolor\xcolor.sty
Package: xcolor 2021/10/31 v2.13 LaTeX color extensions (UK)

(D:\Programme\MiKTeX\tex/latex/graphics-cfg\color.cfg
File: color.cfg 2016/01/02 v1.6 sample color configuration
)
Package xcolor Info: Driver file: pdftex.def on input line 227.
Package xcolor Info: Model `cmy' substituted by `cmy0' on input line 1352.
Package xcolor Info: Model `hsb' substituted by `rgb' on input line 1356.
Package xcolor Info: Model `RGB' extended on input line 1368.
Package xcolor Info: Model `HTML' substituted by `rgb' on input line 1370.
Package xcolor Info: Model `Hsb' substituted by `hsb' on input line 1371.
Package xcolor Info: Model `tHsb' substituted by `hsb' on input line 1372.
Package xcolor Info: Model `HSB' substituted by `hsb' on input line 1373.
Package xcolor Info: Model `Gray' substituted by `gray' on input line 1374.
Package xcolor Info: Model `wave' substituted by `hsb' on input line 1375.
)
(D:\Programme\MiKTeX\tex/generic/pgf/basiclayer\pgfcore.code.tex
Package: pgfcore 2021/05/15 v3.1.9a (3.1.9a)

(D:\Programme\MiKTeX\tex/generic/pgf/math\pgfmath.code.tex)
(D:\Programme\MiKTeX\tex/generic/pgf/math\pgfint.code.tex)
(D:\Programme\MiKTeX\tex/generic/pgf/basiclayer\pgfcorepoints.code.tex
File: pgfcorepoints.code.tex 2021/05/15 v3.1.9a (3.1.9a)
\pgf@picminx=\dimen185
\pgf@picmaxx=\dimen186
\pgf@picminy=\dimen187
\pgf@picmaxy=\dimen188
\pgf@pathminx=\dimen189
\pgf@pathmaxx=\dimen190
\pgf@pathminy=\dimen191
\pgf@pathmaxy=\dimen192
\pgf@xx=\dimen193
\pgf@xy=\dimen194
\pgf@yx=\dimen195
\pgf@yy=\dimen196
\pgf@zx=\dimen197
\pgf@zy=\dimen198
)
(D:\Programme\MiKTeX\tex/generic/pgf/basiclayer\pgfcorepathconstruct.code.tex
File: pgfcorepathconstruct.code.tex 2021/05/15 v3.1.9a (3.1.9a)
\pgf@path@lastx=\dimen199
\pgf@path@lasty=\dimen256
)
(D:\Programme\MiKTeX\tex/generic/pgf/basiclayer\pgfcorepathusage.code.tex
File: pgfcorepathusage.code.tex 2021/05/15 v3.1.9a (3.1.9a)
\pgf@shorten@end@additional=\dimen257
\pgf@shorten@start@additional=\dimen258
)
(D:\Programme\MiKTeX\tex/generic/pgf/basiclayer\pgfcorescopes.code.tex
File: pgfcorescopes.code.tex 2021/05/15 v3.1.9a (3.1.9a)
\pgfpic=\box61
\pgf@hbox=\box62
\pgf@layerbox@main=\box63
\pgf@picture@serial@count=\count293
)
(D:\Programme\MiKTeX\tex/generic/pgf/basiclayer\pgfcoregraphicstate.code.tex
File: pgfcoregraphicstate.code.tex 2021/05/15 v3.1.9a (3.1.9a)
\pgflinewidth=\dimen259
)
(D:\Programme\MiKTeX\tex/generic/pgf/basiclayer\pgfcoretransformations.code.tex
File: pgfcoretransformations.code.tex 2021/05/15 v3.1.9a (3.1.9a)
\pgf@pt@x=\dimen260
\pgf@pt@y=\dimen261
\pgf@pt@temp=\dimen262
) (D:\Programme\MiKTeX\tex/generic/pgf/basiclayer\pgfcorequick.code.tex
File: pgfcorequick.code.tex 2021/05/15 v3.1.9a (3.1.9a)
)
(D:\Programme\MiKTeX\tex/generic/pgf/basiclayer\pgfcoreobjects.code.tex
File: pgfcoreobjects.code.tex 2021/05/15 v3.1.9a (3.1.9a)
)
(D:\Programme\MiKTeX\tex/generic/pgf/basiclayer\pgfcorepathprocessing.code.tex
File: pgfcorepathprocessing.code.tex 2021/05/15 v3.1.9a (3.1.9a)
) (D:\Programme\MiKTeX\tex/generic/pgf/basiclayer\pgfcorearrows.code.tex
File: pgfcorearrows.code.tex 2021/05/15 v3.1.9a (3.1.9a)
\pgfarrowsep=\dimen263
)
(D:\Programme\MiKTeX\tex/generic/pgf/basiclayer\pgfcoreshade.code.tex
File: pgfcoreshade.code.tex 2021/05/15 v3.1.9a (3.1.9a)
\pgf@max=\dimen264
\pgf@sys@shading@range@num=\count294
\pgf@shadingcount=\count295
)
(D:\Programme\MiKTeX\tex/generic/pgf/basiclayer\pgfcoreimage.code.tex
File: pgfcoreimage.code.tex 2021/05/15 v3.1.9a (3.1.9a)

(D:\Programme\MiKTeX\tex/generic/pgf/basiclayer\pgfcoreexternal.code.tex
File: pgfcoreexternal.code.tex 2021/05/15 v3.1.9a (3.1.9a)
\pgfexternal@startupbox=\box64
))
(D:\Programme\MiKTeX\tex/generic/pgf/basiclayer\pgfcorelayers.code.tex
File: pgfcorelayers.code.tex 2021/05/15 v3.1.9a (3.1.9a)
)
(D:\Programme\MiKTeX\tex/generic/pgf/basiclayer\pgfcoretransparency.code.tex
File: pgfcoretransparency.code.tex 2021/05/15 v3.1.9a (3.1.9a)
)
(D:\Programme\MiKTeX\tex/generic/pgf/basiclayer\pgfcorepatterns.code.tex
File: pgfcorepatterns.code.tex 2021/05/15 v3.1.9a (3.1.9a)
)
(D:\Programme\MiKTeX\tex/generic/pgf/basiclayer\pgfcorerdf.code.tex
File: pgfcorerdf.code.tex 2021/05/15 v3.1.9a (3.1.9a)
)))
(D:\Programme\MiKTeX\tex/latex/pgf/utilities\xxcolor.sty
Package: xxcolor 2003/10/24 ver 0.1
\XC@nummixins=\count296
\XC@countmixins=\count297
)
(D:\Programme\MiKTeX\tex/latex/base\atbegshi-ltx.sty
Package: atbegshi-ltx 2021/01/10 v1.0c Emulation of the original atbegshi
package with kernel methods
)
(D:\Programme\MiKTeX\tex/latex/hyperref\hyperref.sty
Package: hyperref 2021-06-07 v7.00m Hypertext links for LaTeX

(D:\Programme\MiKTeX\tex/generic/ltxcmds\ltxcmds.sty
Package: ltxcmds 2020-05-10 v1.25 LaTeX kernel commands for general use (HO)
)
(D:\Programme\MiKTeX\tex/generic/pdftexcmds\pdftexcmds.sty
Package: pdftexcmds 2020-06-27 v0.33 Utility functions of pdfTeX for LuaTeX (HO
)

(D:\Programme\MiKTeX\tex/generic/infwarerr\infwarerr.sty
Package: infwarerr 2019/12/03 v1.5 Providing info/warning/error messages (HO)
)
Package pdftexcmds Info: \pdf@primitive is available.
Package pdftexcmds Info: \pdf@ifprimitive is available.
Package pdftexcmds Info: \pdfdraftmode found.
)
(D:\Programme\MiKTeX\tex/generic/kvsetkeys\kvsetkeys.sty
Package: kvsetkeys 2019/12/15 v1.18 Key value parser (HO)
)
(D:\Programme\MiKTeX\tex/generic/kvdefinekeys\kvdefinekeys.sty
Package: kvdefinekeys 2019-12-19 v1.6 Define keys (HO)
)
(D:\Programme\MiKTeX\tex/generic/pdfescape\pdfescape.sty
Package: pdfescape 2019/12/09 v1.15 Implements pdfTeX's escape features (HO)
)
(D:\Programme\MiKTeX\tex/latex/hycolor\hycolor.sty
Package: hycolor 2020-01-27 v1.10 Color options for hyperref/bookmark (HO)
)
(D:\Programme\MiKTeX\tex/latex/letltxmacro\letltxmacro.sty
Package: letltxmacro 2019/12/03 v1.6 Let assignment for LaTeX macros (HO)
)
(D:\Programme\MiKTeX\tex/latex/auxhook\auxhook.sty
Package: auxhook 2019-12-17 v1.6 Hooks for auxiliary files (HO)
)
(D:\Programme\MiKTeX\tex/latex/kvoptions\kvoptions.sty
Package: kvoptions 2020-10-07 v3.14 Key value format for package options (HO)
)
\@linkdim=\dimen265
\Hy@linkcounter=\count298
\Hy@pagecounter=\count299

(D:\Programme\MiKTeX\tex/latex/hyperref\pd1enc.def
File: pd1enc.def 2021-06-07 v7.00m Hyperref: PDFDocEncoding definition (HO)
Now handling font encoding PD1 ...
... no UTF-8 mapping file for font encoding PD1
)
(D:\Programme\MiKTeX\tex/latex/hyperref\hyperref-langpatches.def
File: hyperref-langpatches.def 2021-06-07 v7.00m Hyperref: patches for babel la
nguages
)
(D:\Programme\MiKTeX\tex/generic/intcalc\intcalc.sty
Package: intcalc 2019/12/15 v1.3 Expandable calculations with integers (HO)
)
(D:\Programme\MiKTeX\tex/generic/etexcmds\etexcmds.sty
Package: etexcmds 2019/12/15 v1.7 Avoid name clashes with e-TeX commands (HO)
)
\Hy@SavedSpaceFactor=\count300

(D:\Programme\MiKTeX\tex/latex/hyperref\puenc.def
File: puenc.def 2021-06-07 v7.00m Hyperref: PDF Unicode definition (HO)
Now handling font encoding PU ...
... no UTF-8 mapping file for font encoding PU
)
Package hyperref Info: Option `bookmarks' set `true' on input line 4073.
Package hyperref Info: Option `bookmarksopen' set `true' on input line 4073.
Package hyperref Info: Option `implicit' set `false' on input line 4073.
Package hyperref Info: Hyper figures OFF on input line 4192.
Package hyperref Info: Link nesting OFF on input line 4197.
Package hyperref Info: Hyper index ON on input line 4200.
Package hyperref Info: Plain pages OFF on input line 4207.
Package hyperref Info: Backreferencing OFF on input line 4212.
Package hyperref Info: Implicit mode OFF; no redefinition of LaTeX internals.
Package hyperref Info: Bookmarks ON on input line 4445.
\c@Hy@tempcnt=\count301

(D:\Programme\MiKTeX\tex/latex/url\url.sty
\Urlmuskip=\muskip16
Package: url 2013/09/16  ver 3.4  Verb mode for urls, etc.
)
LaTeX Info: Redefining \url on input line 4804.
\XeTeXLinkMargin=\dimen266

(D:\Programme\MiKTeX\tex/generic/bitset\bitset.sty
Package: bitset 2019/12/09 v1.3 Handle bit-vector datatype (HO)

(D:\Programme\MiKTeX\tex/generic/bigintcalc\bigintcalc.sty
Package: bigintcalc 2019/12/15 v1.5 Expandable calculations on big integers (HO
)
))
\Fld@menulength=\count302
\Field@Width=\dimen267
\Fld@charsize=\dimen268
Package hyperref Info: Hyper figures OFF on input line 6076.
Package hyperref Info: Link nesting OFF on input line 6081.
Package hyperref Info: Hyper index ON on input line 6084.
Package hyperref Info: backreferencing OFF on input line 6091.
Package hyperref Info: Link coloring OFF on input line 6096.
Package hyperref Info: Link coloring with OCG OFF on input line 6101.
Package hyperref Info: PDF/A mode OFF on input line 6106.
LaTeX Info: Redefining \ref on input line 6146.
LaTeX Info: Redefining \pageref on input line 6150.
\Hy@abspage=\count303


Package hyperref Message: Stopped early.

)
Package hyperref Info: Driver (autodetected): hpdftex.
 (D:\Programme\MiKTeX\tex/latex/hyperref\hpdftex.def
File: hpdftex.def 2021-06-07 v7.00m Hyperref driver for pdfTeX

(D:\Programme\MiKTeX\tex/latex/base\atveryend-ltx.sty
Package: atveryend-ltx 2020/08/19 v1.0a Emulation of the original atveryend pac
kage
with kernel methods
)
\Fld@listcount=\count304
\c@bookmark@seq@number=\count305

(D:\Programme\MiKTeX\tex/latex/rerunfilecheck\rerunfilecheck.sty
Package: rerunfilecheck 2019/12/05 v1.9 Rerun checks for auxiliary files (HO)

(D:\Programme\MiKTeX\tex/generic/uniquecounter\uniquecounter.sty
Package: uniquecounter 2019/12/15 v1.4 Provide unlimited unique counter (HO)
)
Package uniquecounter Info: New unique counter `rerunfilecheck' on input line 2
86.
))
(D:\Programme\MiKTeX\tex/latex/beamer\beamerbaserequires.sty
(D:\Programme\MiKTeX\tex/latex/beamer\beamerbasecompatibility.sty)
(D:\Programme\MiKTeX\tex/latex/beamer\beamerbasefont.sty
(D:\Programme\MiKTeX\tex/latex/amsfonts\amssymb.sty
Package: amssymb 2013/01/14 v3.01 AMS font symbols

(D:\Programme\MiKTeX\tex/latex/amsfonts\amsfonts.sty
Package: amsfonts 2013/01/14 v3.01 Basic AMSFonts support
\@emptytoks=\toks28
\symAMSa=\mathgroup4
\symAMSb=\mathgroup5
LaTeX Font Info:    Redeclaring math symbol \hbar on input line 98.
LaTeX Font Info:    Overwriting math alphabet `\mathfrak' in version `bold'
(Font)                  U/euf/m/n --> U/euf/b/n on input line 106.
))
(D:\Programme\MiKTeX\tex/latex/sansmathaccent\sansmathaccent.sty
Package: sansmathaccent 2020/01/31

(D:\Programme\MiKTeX\tex/latex/koma-script\scrlfile.sty
Package: scrlfile 2021/11/13 v3.35 KOMA-Script package (file load hooks)

(D:\Programme\MiKTeX\tex/latex/koma-script\scrlfile-hook.sty
Package: scrlfile-hook 2021/11/13 v3.35 KOMA-Script package (using LaTeX hooks)


(D:\Programme\MiKTeX\tex/latex/koma-script\scrlogo.sty
Package: scrlogo 2021/11/13 v3.35 KOMA-Script package (logo)
)))))
(D:\Programme\MiKTeX\tex/latex/beamer\beamerbasetranslator.sty
(D:\Programme\MiKTeX\tex/latex/translator\translator.sty
Package: translator 2021-05-31 v1.12d Easy translation of strings in LaTeX
))
(D:\Programme\MiKTeX\tex/latex/beamer\beamerbasemisc.sty)
(D:\Programme\MiKTeX\tex/latex/beamer\beamerbasetwoscreens.sty)
(D:\Programme\MiKTeX\tex/latex/beamer\beamerbaseoverlay.sty
\beamer@argscount=\count306
\beamer@lastskipcover=\skip50
\beamer@trivlistdepth=\count307
)
(D:\Programme\MiKTeX\tex/latex/beamer\beamerbasetitle.sty)
(D:\Programme\MiKTeX\tex/latex/beamer\beamerbasesection.sty
\c@lecture=\count308
\c@part=\count309
\c@section=\count310
\c@subsection=\count311
\c@subsubsection=\count312
)
(D:\Programme\MiKTeX\tex/latex/beamer\beamerbaseframe.sty
\beamer@framebox=\box65
\beamer@frametitlebox=\box66
\beamer@zoombox=\box67
\beamer@zoomcount=\count313
\beamer@zoomframecount=\count314
\beamer@frametextheight=\dimen269
\c@subsectionslide=\count315
\beamer@frametopskip=\skip51
\beamer@framebottomskip=\skip52
\beamer@frametopskipautobreak=\skip53
\beamer@framebottomskipautobreak=\skip54
\beamer@envbody=\toks29
\framewidth=\dimen270
\c@framenumber=\count316
)
(D:\Programme\MiKTeX\tex/latex/beamer\beamerbaseverbatim.sty
\beamer@verbatimfileout=\write4
)
(D:\Programme\MiKTeX\tex/latex/beamer\beamerbaseframesize.sty
\beamer@splitbox=\box68
\beamer@autobreakcount=\count317
\beamer@autobreaklastheight=\dimen271
\beamer@frametitletoks=\toks30
\beamer@framesubtitletoks=\toks31
)
(D:\Programme\MiKTeX\tex/latex/beamer\beamerbaseframecomponents.sty
\beamer@footins=\box69
)
(D:\Programme\MiKTeX\tex/latex/beamer\beamerbasecolor.sty)
(D:\Programme\MiKTeX\tex/latex/beamer\beamerbasenotes.sty
\beamer@frameboxcopy=\box70
)
(D:\Programme\MiKTeX\tex/latex/beamer\beamerbasetoc.sty)
(D:\Programme\MiKTeX\tex/latex/beamer\beamerbasetemplates.sty
\beamer@sbttoks=\toks32

(D:\Programme\MiKTeX\tex/latex/beamer\beamerbaseauxtemplates.sty
(D:\Programme\MiKTeX\tex/latex/beamer\beamerbaseboxes.sty
\bmb@box=\box71
\bmb@colorbox=\box72
\bmb@boxwidth=\dimen272
\bmb@boxheight=\dimen273
\bmb@prevheight=\dimen274
\bmb@temp=\dimen275
\bmb@dima=\dimen276
\bmb@dimb=\dimen277
\bmb@prevheight=\dimen278
)
\beamer@blockheadheight=\dimen279
))
(D:\Programme\MiKTeX\tex/latex/beamer\beamerbaselocalstructure.sty
(D:\Programme\MiKTeX\tex/latex/tools\enumerate.sty
Package: enumerate 2015/07/23 v3.00 enumerate extensions (DPC)
\@enLab=\toks33
)
\beamer@bibiconwidth=\skip55
\c@figure=\count318
\c@table=\count319
\abovecaptionskip=\skip56
\belowcaptionskip=\skip57
)
(D:\Programme\MiKTeX\tex/latex/beamer\beamerbasenavigation.sty
\beamer@section@min@dim=\dimen280
)
(D:\Programme\MiKTeX\tex/latex/beamer\beamerbasetheorems.sty
(D:\Programme\MiKTeX\tex/latex/amsmath\amsmath.sty
Package: amsmath 2021/10/15 v2.17l AMS math features
\@mathmargin=\skip58

For additional information on amsmath, use the `?' option.
(D:\Programme\MiKTeX\tex/latex/amsmath\amstext.sty
Package: amstext 2021/08/26 v2.01 AMS text

(D:\Programme\MiKTeX\tex/latex/amsmath\amsgen.sty
File: amsgen.sty 1999/11/30 v2.0 generic functions
\@emptytoks=\toks34
\ex@=\dimen281
))
(D:\Programme\MiKTeX\tex/latex/amsmath\amsbsy.sty
Package: amsbsy 1999/11/29 v1.2d Bold Symbols
\pmbraise@=\dimen282
)
(D:\Programme\MiKTeX\tex/latex/amsmath\amsopn.sty
Package: amsopn 2021/08/26 v2.02 operator names
)
\inf@bad=\count320
LaTeX Info: Redefining \frac on input line 234.
\uproot@=\count321
\leftroot@=\count322
LaTeX Info: Redefining \overline on input line 399.
\classnum@=\count323
\DOTSCASE@=\count324
LaTeX Info: Redefining \ldots on input line 496.
LaTeX Info: Redefining \dots on input line 499.
LaTeX Info: Redefining \cdots on input line 620.
\Mathstrutbox@=\box73
\strutbox@=\box74
\big@size=\dimen283
LaTeX Font Info:    Redeclaring font encoding OML on input line 743.
LaTeX Font Info:    Redeclaring font encoding OMS on input line 744.
\macc@depth=\count325
\c@MaxMatrixCols=\count326
\dotsspace@=\muskip17
\c@parentequation=\count327
\dspbrk@lvl=\count328
\tag@help=\toks35
\row@=\count329
\column@=\count330
\maxfields@=\count331
\andhelp@=\toks36
\eqnshift@=\dimen284
\alignsep@=\dimen285
\tagshift@=\dimen286
\tagwidth@=\dimen287
\totwidth@=\dimen288
\lineht@=\dimen289
\@envbody=\toks37
\multlinegap=\skip59
\multlinetaggap=\skip60
\mathdisplay@stack=\toks38
LaTeX Info: Redefining \[ on input line 2938.
LaTeX Info: Redefining \] on input line 2939.
)
(D:\Programme\MiKTeX\tex/latex/amscls\amsthm.sty
Package: amsthm 2020/05/29 v2.20.6
\thm@style=\toks39
\thm@bodyfont=\toks40
\thm@headfont=\toks41
\thm@notefont=\toks42
\thm@headpunct=\toks43
\thm@preskip=\skip61
\thm@postskip=\skip62
\thm@headsep=\skip63
\dth@everypar=\toks44
)
\c@theorem=\count332
)
(D:\Programme\MiKTeX\tex/latex/beamer\beamerbasethemes.sty))
(D:\Programme\MiKTeX\tex/latex/beamer\beamerthemedefault.sty
(D:\Programme\MiKTeX\tex/latex/beamer\beamerfontthemedefault.sty)
(D:\Programme\MiKTeX\tex/latex/beamer\beamercolorthemedefault.sty)
(D:\Programme\MiKTeX\tex/latex/beamer\beamerinnerthemedefault.sty
\beamer@dima=\dimen290
\beamer@dimb=\dimen291
)
(D:\Programme\MiKTeX\tex/latex/beamer\beamerouterthemedefault.sty)))
(D:\Programme\MiKTeX\tex/latex/beamer\beamerthemeMadrid.sty
(D:\Programme\MiKTeX\tex/latex/beamer\beamercolorthemewhale.sty)
(D:\Programme\MiKTeX\tex/latex/beamer\beamercolorthemeorchid.sty)
(D:\Programme\MiKTeX\tex/latex/beamer\beamerinnerthemerounded.sty)
(D:\Programme\MiKTeX\tex/latex/beamer\beamerouterthemeinfolines.sty))
(D:\Programme\MiKTeX\tex/generic/babel\babel.sty
Package: babel 2022/02/13 3.71 The Babel package
\babel@savecnt=\count333
\U@D=\dimen292
\l@unhyphenated=\language79

(D:\Programme\MiKTeX\tex/generic/babel\txtbabel.def)
\bbl@readstream=\read3
LaTeX Info: Redefining \textlatin on input line 3967.
\bbl@dirlevel=\count334

*************************************
* Local config file bblopts.cfg used
*
(D:\Programme\MiKTeX\tex/latex/arabi\bblopts.cfg
File: bblopts.cfg 2005/09/08 v0.1 add Arabic and Farsi to "declared" options of
 babel
)
(D:\Programme\MiKTeX\tex/latex/babel-english\english.ldf
Language: english 2017/06/06 v3.3r English support from the babel system
Package babel Info: Hyphen rules for 'canadian' set to \l@english
(babel)             (\language0). Reported on input line 102.
Package babel Info: Hyphen rules for 'australian' set to \l@ukenglish
(babel)             (\language73). Reported on input line 105.
Package babel Info: Hyphen rules for 'newzealand' set to \l@ukenglish
(babel)             (\language73). Reported on input line 108.
))
(D:\Programme\MiKTeX\tex/latex/base\inputenc.sty
Package: inputenc 2021/02/14 v1.3d Input encoding file
\inpenc@prehook=\toks45
\inpenc@posthook=\toks46
)
(D:\Programme\MiKTeX\tex/latex/base\fontenc.sty
Package: fontenc 2021/04/29 v2.0v Standard LaTeX package
)
(D:\Programme\MiKTeX\tex/latex/tools\tabularx.sty
Package: tabularx 2020/01/15 v2.11c `tabularx' package (DPC)

(D:\Programme\MiKTeX\tex/latex/tools\array.sty
Package: array 2021/10/04 v2.5f Tabular extension package (FMi)
\col@sep=\dimen293
\ar@mcellbox=\box75
\extrarowheight=\dimen294
\NC@list=\toks47
\extratabsurround=\skip64
\backup@length=\skip65
\ar@cellbox=\box76
)
\TX@col@width=\dimen295
\TX@old@table=\dimen296
\TX@old@col=\dimen297
\TX@target=\dimen298
\TX@delta=\dimen299
\TX@cols=\count335
\TX@ftn=\toks48
)
(D:\Programme\MiKTeX\tex/latex/multirow\multirow.sty
Package: multirow 2021/03/15 v2.8 Span multiple rows of a table
\multirow@colwidth=\skip66
\multirow@cntb=\count336
\multirow@dima=\skip67
\bigstrutjot=\dimen300
)
(D:\Programme\MiKTeX\tex/latex/pgf/frontendlayer\tikz.sty
(D:\Programme\MiKTeX\tex/latex/pgf/basiclayer\pgf.sty
Package: pgf 2021/05/15 v3.1.9a (3.1.9a)

(D:\Programme\MiKTeX\tex/generic/pgf/modules\pgfmoduleshapes.code.tex
File: pgfmoduleshapes.code.tex 2021/05/15 v3.1.9a (3.1.9a)
\pgfnodeparttextbox=\box77
)
(D:\Programme\MiKTeX\tex/generic/pgf/modules\pgfmoduleplot.code.tex
File: pgfmoduleplot.code.tex 2021/05/15 v3.1.9a (3.1.9a)
)
(D:\Programme\MiKTeX\tex/latex/pgf/compatibility\pgfcomp-version-0-65.sty
Package: pgfcomp-version-0-65 2021/05/15 v3.1.9a (3.1.9a)
\pgf@nodesepstart=\dimen301
\pgf@nodesepend=\dimen302
)
(D:\Programme\MiKTeX\tex/latex/pgf/compatibility\pgfcomp-version-1-18.sty
Package: pgfcomp-version-1-18 2021/05/15 v3.1.9a (3.1.9a)
))
(D:\Programme\MiKTeX\tex/latex/pgf/utilities\pgffor.sty
(D:\Programme\MiKTeX\tex/generic/pgf/utilities\pgffor.code.tex
Package: pgffor 2021/05/15 v3.1.9a (3.1.9a)

(D:\Programme\MiKTeX\tex/generic/pgf/math\pgfmath.code.tex)
\pgffor@iter=\dimen303
\pgffor@skip=\dimen304
\pgffor@stack=\toks49
\pgffor@toks=\toks50
))
(D:\Programme\MiKTeX\tex/generic/pgf/frontendlayer/tikz\tikz.code.tex
Package: tikz 2021/05/15 v3.1.9a (3.1.9a)

(D:\Programme\MiKTeX\tex/generic/pgf/libraries\pgflibraryplothandlers.code.tex
File: pgflibraryplothandlers.code.tex 2021/05/15 v3.1.9a (3.1.9a)
\pgf@plot@mark@count=\count337
\pgfplotmarksize=\dimen305
)
\tikz@lastx=\dimen306
\tikz@lasty=\dimen307
\tikz@lastxsaved=\dimen308
\tikz@lastysaved=\dimen309
\tikz@lastmovetox=\dimen310
\tikz@lastmovetoy=\dimen311
\tikzleveldistance=\dimen312
\tikzsiblingdistance=\dimen313
\tikz@figbox=\box78
\tikz@figbox@bg=\box79
\tikz@tempbox=\box80
\tikz@tempbox@bg=\box81
\tikztreelevel=\count338
\tikznumberofchildren=\count339
\tikznumberofcurrentchild=\count340
\tikz@fig@count=\count341
(D:\Programme\MiKTeX\tex/generic/pgf/modules\pgfmodulematrix.code.tex
File: pgfmodulematrix.code.tex 2021/05/15 v3.1.9a (3.1.9a)
\pgfmatrixcurrentrow=\count342
\pgfmatrixcurrentcolumn=\count343
\pgf@matrix@numberofcolumns=\count344
)
\tikz@expandcount=\count345

(D:\Programme\MiKTeX\tex/generic/pgf/frontendlayer/tikz/libraries\tikzlibraryto
paths.code.tex
File: tikzlibrarytopaths.code.tex 2021/05/15 v3.1.9a (3.1.9a)
))) (D:\Programme\MiKTeX\tex/latex/setspace\setspace.sty
Package: setspace 2011/12/19 v6.7a set line spacing
)
(D:\Programme\MiKTeX\tex/latex/base\fontenc.sty
Package: fontenc 2021/04/29 v2.0v Standard LaTeX package
)
(D:\Programme\MiKTeX\tex/latex/algorithm2e\algorithm2e.sty
Package: algorithm2e 2017/07/18 v5.2 algorithms environments
\c@AlgoLine=\count346

(D:\Programme\MiKTeX\tex/latex/base\ifthen.sty
Package: ifthen 2020/11/24 v1.1c Standard LaTeX ifthen package (DPC)
)
\algocf@hangindent=\skip68

(D:\Programme\MiKTeX\tex/latex/ifoddpage\ifoddpage.sty
Package: ifoddpage 2016/04/23 v1.1 Conditionals for odd/even page detection
\c@checkoddpage=\count347
)
(D:\Programme\MiKTeX\tex/latex/tools\xspace.sty
Package: xspace 2014/10/28 v1.13 Space after command names (DPC,MH)
)
(D:\Programme\MiKTeX\tex/latex/relsize\relsize.sty
Package: relsize 2013/03/29 ver 4.1
)
\skiptotal=\skip69
\skiplinenumber=\skip70
\skiprule=\skip71
\skiphlne=\skip72
\skiptext=\skip73
\skiplength=\skip74
\algomargin=\skip75
\skipalgocfslide=\skip76
\algowidth=\dimen314
\inoutsize=\dimen315
\inoutindent=\dimen316
\interspacetitleruled=\dimen317
\interspacealgoruled=\dimen318
\interspacetitleboxruled=\dimen319
\algocf@ruledwidth=\skip77
\algocf@inoutbox=\box82
\algocf@inputbox=\box83
\AlCapSkip=\skip78
\AlCapHSkip=\skip79
\algoskipindent=\skip80
\algocf@nlbox=\box84
\algocf@hangingbox=\box85
\algocf@untilbox=\box86
\algocf@skipuntil=\skip81
\algocf@capbox=\box87
\algocf@lcaptionbox=\skip82
\algoheightruledefault=\skip83
\algoheightrule=\skip84
\algotitleheightruledefault=\skip85
\algotitleheightrule=\skip86
\c@algocfline=\count348
\c@algocfproc=\count349
\c@algocf=\count350
\algocf@algoframe=\box88
\algocf@algobox=\box89
)
(D:\Programme\MiKTeX\tex/latex/algorithmicx\algpseudocode.sty
Package: algpseudocode 

(D:\Programme\MiKTeX\tex/latex/algorithmicx\algorithmicx.sty
Package: algorithmicx 2005/04/27 v1.2 Algorithmicx

Document Style algorithmicx 1.2 - a greatly improved `algorithmic' style
\c@ALG@line=\count351
\c@ALG@rem=\count352
\c@ALG@nested=\count353
\ALG@tlm=\skip87
\ALG@thistlm=\skip88
\c@ALG@Lnr=\count354
\c@ALG@blocknr=\count355
\c@ALG@storecount=\count356
\c@ALG@tmpcounter=\count357
\ALG@tmplength=\skip89
)
Document Style - pseudocode environments for use with the `algorithmicx' style
) (D:\Programme\MiKTeX\tex/latex/arydshln\arydshln.sty
Package: arydshln 2019/02/21 v1.76 
\dashlinedash=\dimen320
\dashlinegap=\dimen321
\adl@box=\box90
\adl@height=\dimen322
\adl@heightsave=\dimen323
\adl@depth=\dimen324
\adl@depthsave=\dimen325
\adl@finaldepth=\dimen326
\adl@columns=\count358
\adl@ncol=\count359
\adl@currentcolumn=\count360
\adl@currentcolumnsave=\count361
\adl@totalheight=\count362
\adl@totalheightsave=\count363
\adl@dash=\count364
\adl@gap=\count365
\adl@cla=\count366
\adl@clb=\count367
\adl@everyvbox=\toks51
\adl@LTpagetotal=\dimen327
)
(D:\Programme\MiKTeX\tex/latex/caption\subcaption.sty
Package: subcaption 2022/01/07 v1.5 Sub-captions (AR)

(D:\Programme\MiKTeX\tex/latex/caption\caption.sty
Package: caption 2022/02/20 v3.6 Customizing captions (AR)

(D:\Programme\MiKTeX\tex/latex/caption\caption3.sty
Package: caption3 2022/01/07 v2.3 caption3 kernel (AR)
\caption@tempdima=\dimen328
\captionmargin=\dimen329
\caption@leftmargin=\dimen330
\caption@rightmargin=\dimen331
\caption@width=\dimen332
\caption@indent=\dimen333
\caption@parindent=\dimen334
\caption@hangindent=\dimen335
Package caption Info: beamer document class detected.

(D:\Programme\MiKTeX\tex/latex/caption\caption-beamer.sto
File: caption-beamer.sto 2022/01/06 v2.0c Adaption of the caption package to th
e beamer document classes (AR)
))
\c@caption@flags=\count368
\c@continuedfloat=\count369
Package caption Info: hyperref package is loaded.
Package caption Info: Hyperref support is turned off
(caption)             because hyperref has stopped early.
)
\c@subfigure=\count370
\c@subtable=\count371
)
(D:\Programme\MiKTeX\tex/latex/float\float.sty
Package: float 2001/11/08 v1.3d Float enhancements (AL)
\c@float@type=\count372
\float@exts=\toks52
\float@box=\box91
\@float@everytoks=\toks53
\@floatcapt=\box92
)
(D:\Programme\MiKTeX\tex/latex/comment\comment.sty
\CommentStream=\write5
 Excluding comment 'comment')
\c@defi=\count373
\c@idea=\count374
(D:\Programme\MiKTeX\tex/latex/l3backend\l3backend-pdftex.def
File: l3backend-pdftex.def 2022-02-07 L3 backend support: PDF output (pdfTeX)
\l__color_backend_stack_int=\count375
\l__pdf_internal_box=\box93
)
(latex-beamer-tutorial.aux (Kapitel/Introduction.aux)
(Kapitel/DriftDiffusionSpatialTransport.aux) (Kapitel/Moment_Eq.aux)
(Kapitel/Numerical_Simulations.aux) (Kapitel/CurrentWork_RectilinearFlow.aux))
\openout1 = `latex-beamer-tutorial.aux'.

LaTeX Font Info:    Checking defaults for OML/cmm/m/it on input line 75.
LaTeX Font Info:    ... okay on input line 75.
LaTeX Font Info:    Checking defaults for OMS/cmsy/m/n on input line 75.
LaTeX Font Info:    ... okay on input line 75.
LaTeX Font Info:    Checking defaults for OT1/cmr/m/n on input line 75.
LaTeX Font Info:    ... okay on input line 75.
LaTeX Font Info:    Checking defaults for T1/cmr/m/n on input line 75.
LaTeX Font Info:    ... okay on input line 75.
LaTeX Font Info:    Checking defaults for TS1/cmr/m/n on input line 75.
LaTeX Font Info:    ... okay on input line 75.
LaTeX Font Info:    Checking defaults for OMX/cmex/m/n on input line 75.
LaTeX Font Info:    ... okay on input line 75.
LaTeX Font Info:    Checking defaults for U/cmr/m/n on input line 75.
LaTeX Font Info:    ... okay on input line 75.
LaTeX Font Info:    Checking defaults for PD1/pdf/m/n on input line 75.
LaTeX Font Info:    ... okay on input line 75.
LaTeX Font Info:    Checking defaults for PU/pdf/m/n on input line 75.
LaTeX Font Info:    ... okay on input line 75.

*geometry* driver: auto-detecting
*geometry* detected driver: pdftex
*geometry* verbose mode - [ preamble ] result:
* driver: pdftex
* paper: custom
* layout: <same size as paper>
* layoutoffset:(h,v)=(0.0pt,0.0pt)
* modes: includehead includefoot 
* h-part:(L,W,R)=(10.95003pt, 342.2953pt, 10.95003pt)
* v-part:(T,H,B)=(0.0pt, 273.14662pt, 0.0pt)
* \paperwidth=364.19536pt
* \paperheight=273.14662pt
* \textwidth=342.2953pt
* \textheight=244.6939pt
* \oddsidemargin=-61.31996pt
* \evensidemargin=-61.31996pt
* \topmargin=-72.26999pt
* \headheight=14.22636pt
* \headsep=0.0pt
* \topskip=11.0pt
* \footskip=14.22636pt
* \marginparwidth=4.0pt
* \marginparsep=10.0pt
* \columnsep=10.0pt
* \skip\footins=10.0pt plus 4.0pt minus 2.0pt
* \hoffset=0.0pt
* \voffset=0.0pt
* \mag=1000
* \@twocolumnfalse
* \@twosidefalse
* \@mparswitchfalse
* \@reversemarginfalse
* (1in=72.27pt=25.4mm, 1cm=28.453pt)

(D:\Programme\MiKTeX\tex/context/base/mkii\supp-pdf.mkii
[Loading MPS to PDF converter (version 2006.09.02).]
\scratchcounter=\count376
\scratchdimen=\dimen336
\scratchbox=\box94
\nofMPsegments=\count377
\nofMParguments=\count378
\everyMPshowfont=\toks54
\MPscratchCnt=\count379
\MPscratchDim=\dimen337
\MPnumerator=\count380
\makeMPintoPDFobject=\count381
\everyMPtoPDFconversion=\toks55
) (D:\Programme\MiKTeX\tex/latex/epstopdf-pkg\epstopdf-base.sty
Package: epstopdf-base 2020-01-24 v2.11 Base part for package epstopdf
Package epstopdf-base Info: Redefining graphics rule for `.eps' on input line 4
85.

(D:\Programme\MiKTeX\tex/latex/00miktex\epstopdf-sys.cfg
File: epstopdf-sys.cfg 2021/03/18 v2.0 Configuration of epstopdf for MiKTeX
))
Package hyperref Info: Link coloring OFF on input line 75.

(D:\Programme\MiKTeX\tex/latex/hyperref\nameref.sty
Package: nameref 2021-04-02 v2.47 Cross-referencing by name of section

(D:\Programme\MiKTeX\tex/latex/refcount\refcount.sty
Package: refcount 2019/12/15 v3.6 Data extraction from label references (HO)
)
(D:\Programme\MiKTeX\tex/generic/gettitlestring\gettitlestring.sty
Package: gettitlestring 2019/12/15 v1.6 Cleanup title references (HO)
)
\c@section@level=\count382
)
LaTeX Info: Redefining \ref on input line 75.
LaTeX Info: Redefining \pageref on input line 75.
LaTeX Info: Redefining \nameref on input line 75.

(latex-beamer-tutorial.out) (latex-beamer-tutorial.out)
\@outlinefile=\write6
\openout6 = `latex-beamer-tutorial.out'.

LaTeX Font Info:    Overwriting symbol font `operators' in version `normal'
(Font)                  OT1/cmr/m/n --> OT1/cmss/m/n on input line 75.
LaTeX Font Info:    Overwriting symbol font `operators' in version `bold'
(Font)                  OT1/cmr/bx/n --> OT1/cmss/b/n on input line 75.
\symnumbers=\mathgroup6
\sympureletters=\mathgroup7
LaTeX Font Info:    Overwriting math alphabet `\mathrm' in version `normal'
(Font)                  OT1/cmss/m/n --> T1/cmr/m/n on input line 75.
LaTeX Font Info:    Redeclaring math alphabet \mathbf on input line 75.
LaTeX Font Info:    Overwriting math alphabet `\mathbf' in version `normal'
(Font)                  OT1/cmr/bx/n --> T1/cmss/b/n on input line 75.
LaTeX Font Info:    Overwriting math alphabet `\mathbf' in version `bold'
(Font)                  OT1/cmr/bx/n --> T1/cmss/b/n on input line 75.
LaTeX Font Info:    Redeclaring math alphabet \mathsf on input line 75.
LaTeX Font Info:    Overwriting math alphabet `\mathsf' in version `normal'
(Font)                  OT1/cmss/m/n --> T1/cmss/m/n on input line 75.
LaTeX Font Info:    Overwriting math alphabet `\mathsf' in version `bold'
(Font)                  OT1/cmss/bx/n --> T1/cmss/m/n on input line 75.
LaTeX Font Info:    Redeclaring math alphabet \mathit on input line 75.
LaTeX Font Info:    Overwriting math alphabet `\mathit' in version `normal'
(Font)                  OT1/cmr/m/it --> T1/cmss/m/it on input line 75.
LaTeX Font Info:    Overwriting math alphabet `\mathit' in version `bold'
(Font)                  OT1/cmr/bx/it --> T1/cmss/m/it on input line 75.
LaTeX Font Info:    Redeclaring math alphabet \mathtt on input line 75.
LaTeX Font Info:    Overwriting math alphabet `\mathtt' in version `normal'
(Font)                  OT1/cmtt/m/n --> T1/cmtt/m/n on input line 75.
LaTeX Font Info:    Overwriting math alphabet `\mathtt' in version `bold'
(Font)                  OT1/cmtt/m/n --> T1/cmtt/m/n on input line 75.
LaTeX Font Info:    Overwriting symbol font `numbers' in version `bold'
(Font)                  T1/cmss/m/n --> T1/cmss/b/n on input line 75.
LaTeX Font Info:    Overwriting symbol font `pureletters' in version `bold'
(Font)                  T1/cmss/m/it --> T1/cmss/b/it on input line 75.
LaTeX Font Info:    Overwriting math alphabet `\mathrm' in version `bold'
(Font)                  OT1/cmss/b/n --> T1/cmr/b/n on input line 75.
LaTeX Font Info:    Overwriting math alphabet `\mathbf' in version `bold'
(Font)                  T1/cmss/b/n --> T1/cmss/b/n on input line 75.
LaTeX Font Info:    Overwriting math alphabet `\mathsf' in version `bold'
(Font)                  T1/cmss/m/n --> T1/cmss/b/n on input line 75.
LaTeX Font Info:    Overwriting math alphabet `\mathit' in version `bold'
(Font)                  T1/cmss/m/it --> T1/cmss/b/it on input line 75.
LaTeX Font Info:    Overwriting math alphabet `\mathtt' in version `bold'
(Font)                  T1/cmtt/m/n --> T1/cmtt/b/n on input line 75.
LaTeX Font Info:    Redeclaring symbol font `pureletters' on input line 75.
LaTeX Font Info:    Encoding `T1' has changed to `OT1' for symbol font
(Font)              `pureletters' in the math version `normal' on input line 75
.
LaTeX Font Info:    Overwriting symbol font `pureletters' in version `normal'
(Font)                  T1/cmss/m/it --> OT1/mathkerncmss/m/sl on input line 75
.
LaTeX Font Info:    Encoding `T1' has changed to `OT1' for symbol font
(Font)              `pureletters' in the math version `bold' on input line 75.
LaTeX Font Info:    Overwriting symbol font `pureletters' in version `bold'
(Font)                  T1/cmss/b/it --> OT1/mathkerncmss/m/sl on input line 75
.
LaTeX Font Info:    Overwriting symbol font `pureletters' in version `bold'
(Font)                  OT1/mathkerncmss/m/sl --> OT1/mathkerncmss/bx/sl on inp
ut line 75.

(D:\Programme\MiKTeX\tex/latex/translator\translator-basic-dictionary-English.d
ict
Dictionary: translator-basic-dictionary, Language: English 
)
(D:\Programme\MiKTeX\tex/latex/translator\translator-bibliography-dictionary-En
glish.dict
Dictionary: translator-bibliography-dictionary, Language: English 
)
(D:\Programme\MiKTeX\tex/latex/translator\translator-environment-dictionary-Eng
lish.dict
Dictionary: translator-environment-dictionary, Language: English 
)
(D:\Programme\MiKTeX\tex/latex/translator\translator-months-dictionary-English.
dict
Dictionary: translator-months-dictionary, Language: English 
)
(D:\Programme\MiKTeX\tex/latex/translator\translator-numbers-dictionary-English
.dict
Dictionary: translator-numbers-dictionary, Language: English 
)
(D:\Programme\MiKTeX\tex/latex/translator\translator-theorem-dictionary-English
.dict
Dictionary: translator-theorem-dictionary, Language: English 
)
Package caption Info: Begin \AtBeginDocument code.
Package caption Info: float package is loaded.
Package caption Info: End \AtBeginDocument code.
 (latex-beamer-tutorial.nav)

Package hyperref Warning: Option `pdfauthor' has already been used,
(hyperref)                setting the option has no effect on input line 78.

<logo.png, id=40, 827.9733pt x 567.0786pt>
File: logo.png Graphic file (type png)
<use logo.png>
Package pdftex.def Info: logo.png  used on input line 90.
(pdftex.def)             Requested size: 68.45801pt x 46.88147pt.
[1

{C:/Users/MyBella/AppData/Local/MiKTeX/fonts/map/pdftex/pdftex.map} <./logo.png
 (PNG copy)>] (latex-beamer-tutorial.toc) [2

]
\openout2 = `Kapitel/Introduction.aux'.

 (Kapitel/Introduction.tex
(latex-beamer-tutorial.toc) [3


]
LaTeX Font Info:    Trying to load font information for U+msa on input line 19.

 (D:\Programme\MiKTeX\tex/latex/amsfonts\umsa.fd
File: umsa.fd 2013/01/14 v3.01 AMS symbols A
)
LaTeX Font Info:    Trying to load font information for U+msb on input line 19.

 (D:\Programme\MiKTeX\tex/latex/amsfonts\umsb.fd
File: umsb.fd 2013/01/14 v3.01 AMS symbols B
)
LaTeX Font Info:    Trying to load font information for OT1+mathkerncmss on inp
ut line 19.

(D:\Programme\MiKTeX\tex/latex/sansmathaccent\ot1mathkerncmss.fd
File: ot1mathkerncmss.fd 2020/01/31 Fontinst v1.933 font definitions for OT1/ma
thkerncmss.
)
<Bilder/Bild_Particles.png, id=78, 249.93375pt x 249.93375pt>
File: Bilder/Bild_Particles.png Graphic file (type png)
<use Bilder/Bild_Particles.png>
Package pdftex.def Info: Bilder/Bild_Particles.png  used on input line 19.
(pdftex.def)             Requested size: 124.96657pt x 124.96657pt.
 [4

 <./Bilder/Bild_Particles.png>]
LaTeX Font Info:    Font shape `OT1/cmss/b/n' in size <8> not available
(Font)              Font shape `OT1/cmss/bx/n' tried instead on input line 36.
LaTeX Font Info:    Font shape `OT1/cmss/b/n' in size <6> not available
(Font)              Font shape `OT1/cmss/bx/n' tried instead on input line 36.
LaTeX Font Info:    Font shape `OT1/cmss/b/n' in size <5> not available
(Font)              Font shape `OT1/cmss/bx/n' tried instead on input line 36.


LaTeX Font Warning: Font shape `T1/cmss/b/n' undefined
(Font)              using `T1/cmss/m/n' instead on input line 36.

[5

] [6

] [7

] [8

] Excluding 'comment' comment.)
\openout2 = `Kapitel/DriftDiffusionSpatialTransport.aux'.


(Kapitel/DriftDiffusionSpatialTransport.tex (latex-beamer-tutorial.toc)
[9




]
<Bilder/Ausrichtung_Partikeln.png, id=191, 78.89474pt x 106.59825pt>
File: Bilder/Ausrichtung_Partikeln.png Graphic file (type png)
<use Bilder/Ausrichtung_Partikeln.png>
Package pdftex.def Info: Bilder/Ausrichtung_Partikeln.png  used on input line 1
9.
(pdftex.def)             Requested size: 39.44727pt x 53.29898pt.
 [10

 <./Bilder/Ausrichtung_Partikeln.png>])
\openout2 = `Kapitel/Moment_Eq.aux'.

 (Kapitel/Moment_Eq.tex
(latex-beamer-tutorial.toc) [11




] [12

] [13

] [14

]
Overfull \hbox (6.01282pt too wide) detected at line 41
[]
 []

[15

]
Overfull \hbox (6.01282pt too wide) detected at line 41
[]
 []

[16

] [17

] [18

] [19

]
<Bilder/MatrixA.png, id=253, 507.69675pt x 215.6055pt>
File: Bilder/MatrixA.png Graphic file (type png)
<use Bilder/MatrixA.png>
Package pdftex.def Info: Bilder/MatrixA.png  used on input line 80.
(pdftex.def)             Requested size: 253.84775pt x 107.80247pt.
 [20

 <./Bilder/MatrixA.png>]
File: Bilder/MatrixA.png Graphic file (type png)
<use Bilder/MatrixA.png>
Package pdftex.def Info: Bilder/MatrixA.png  used on input line 80.
(pdftex.def)             Requested size: 253.84775pt x 107.80247pt.
 [21

]
Excluding 'comment' comment.
<Bilder/MatrixAN=2.png, id=264, 419.76825pt x 363.759pt>
File: Bilder/MatrixAN=2.png Graphic file (type png)
<use Bilder/MatrixAN=2.png>
Package pdftex.def Info: Bilder/MatrixAN=2.png  used on input line 112.
(pdftex.def)             Requested size: 209.8836pt x 181.87906pt.
 [22

 <./Bilder/MatrixAN=2.png>] [23

] [24

] [25

]
Excluding 'comment' comment.)
\openout2 = `Kapitel/Numerical_Simulations.aux'.

 (Kapitel/Numerical_Simulations.tex
(latex-beamer-tutorial.toc) [26




] [27

] [28

]
<Bilder_wx/wx=1_Dr=0.1_N=1.png, id=310, 333.04425pt x 262.581pt>
File: Bilder_wx/wx=1_Dr=0.1_N=1.png Graphic file (type png)
<use Bilder_wx/wx=1_Dr=0.1_N=1.png>
Package pdftex.def Info: Bilder_wx/wx=1_Dr=0.1_N=1.png  used on input line 58.
(pdftex.def)             Requested size: 133.21533pt x 105.03052pt.
<Bilder_wx/wx=1_Dr=0.1_N=6.png, id=312, 327.624pt x 271.61475pt>
File: Bilder_wx/wx=1_Dr=0.1_N=6.png Graphic file (type png)
<use Bilder_wx/wx=1_Dr=0.1_N=6.png>
Package pdftex.def Info: Bilder_wx/wx=1_Dr=0.1_N=6.png  used on input line 58.
(pdftex.def)             Requested size: 131.04727pt x 108.64397pt.
<Bilder_wx/wx=1_Dr=1_N=1.png, id=313, 334.24875pt x 262.581pt>
File: Bilder_wx/wx=1_Dr=1_N=1.png Graphic file (type png)
<use Bilder_wx/wx=1_Dr=1_N=1.png>
Package pdftex.def Info: Bilder_wx/wx=1_Dr=1_N=1.png  used on input line 58.
(pdftex.def)             Requested size: 133.69713pt x 105.03052pt.
<Bilder_wx/wx=1_Dr=1_N=6.png, id=314, 333.04425pt x 255.95625pt>
File: Bilder_wx/wx=1_Dr=1_N=6.png Graphic file (type png)
<use Bilder_wx/wx=1_Dr=1_N=6.png>
Package pdftex.def Info: Bilder_wx/wx=1_Dr=1_N=6.png  used on input line 58.
(pdftex.def)             Requested size: 133.21533pt x 102.38068pt.

Overfull \vbox (13.19989pt too high) detected at line 58
 []

[29

 <./Bilder_wx/wx=1_Dr=0.1_N=1.png> <./Bilder_wx/wx=1_Dr=0.1_N=6.png> <./Bilder_
wx/wx=1_Dr=1_N=1.png> <./Bilder_wx/wx=1_Dr=1_N=6.png>]
Excluding 'comment' comment. Excluding 'comment' comment.
Excluding 'comment' comment. Excluding 'comment' comment.
Excluding 'comment' comment. [30

] [31

] [32

] [33

] [34

]
<Bilder_wx/ClusterFormation/N=1vsN=6_Dr=0.05_mx=8192.png, id=361, 397.485pt x 3
06.54526pt>
File: Bilder_wx/ClusterFormation/N=1vsN=6_Dr=0.05_mx=8192.png Graphic file (typ
e png)
<use Bilder_wx/ClusterFormation/N=1vsN=6_Dr=0.05_mx=8192.png>
Package pdftex.def Info: Bilder_wx/ClusterFormation/N=1vsN=6_Dr=0.05_mx=8192.pn
g  used on input line 371.
(pdftex.def)             Requested size: 157.45813pt x 121.4372pt.
<Bilder_wx/ClusterFormation/N=2vsN=6_Dr=0.05_mx=8192.png, id=362, 499.11469pt x
 385.44pt>
File: Bilder_wx/ClusterFormation/N=2vsN=6_Dr=0.05_mx=8192.png Graphic file (typ
e png)
<use Bilder_wx/ClusterFormation/N=2vsN=6_Dr=0.05_mx=8192.png>
Package pdftex.def Info: Bilder_wx/ClusterFormation/N=2vsN=6_Dr=0.05_mx=8192.pn
g  used on input line 371.
(pdftex.def)             Requested size: 157.45813pt x 121.59656pt.
 [35

 <./Bilder_wx/ClusterFormation/N=1vsN=6_Dr=0.05_mx=8192.png> <./Bilder_wx/Clust
erFormation/N=2vsN=6_Dr=0.05_mx=8192.png>] Excluding 'comment' comment. Excludi
ng 'comment' comment.)
\openout2 = `Kapitel/CurrentWork_RectilinearFlow.aux'.

(Kapitel/CurrentWork_RectilinearFlow.tex [36




] [37

]
<Bilder_wxwy/Sol_onSphere_wx=1=wy_Dr=1_N=6.png, id=382, 385.44pt x 289.08pt>
File: Bilder_wxwy/Sol_onSphere_wx=1=wy_Dr=1_N=6.png Graphic file (type png)
<use Bilder_wxwy/Sol_onSphere_wx=1=wy_Dr=1_N=6.png>
Package pdftex.def Info: Bilder_wxwy/Sol_onSphere_wx=1=wy_Dr=1_N=6.png  used on
 input line 44.
(pdftex.def)             Requested size: 127.19559pt x 95.39668pt.
<Bilder_wxwy/Sol_onSphere_wx=-1=wy_Dr=1_N=6.png, id=383, 313.77225pt x 252.3427
4pt>
File: Bilder_wxwy/Sol_onSphere_wx=-1=wy_Dr=1_N=6.png Graphic file (type png)
<use Bilder_wxwy/Sol_onSphere_wx=-1=wy_Dr=1_N=6.png>
Package pdftex.def Info: Bilder_wxwy/Sol_onSphere_wx=-1=wy_Dr=1_N=6.png  used o
n input line 44.
(pdftex.def)             Requested size: 103.54515pt x 83.27335pt.
<Bilder_wxwy/t=0_wxwy=1_wxwy=-1.png, id=384, 391.4625pt x 286.671pt>
File: Bilder_wxwy/t=0_wxwy=1_wxwy=-1.png Graphic file (type png)
<use Bilder_wxwy/t=0_wxwy=1_wxwy=-1.png>
Package pdftex.def Info: Bilder_wxwy/t=0_wxwy=1_wxwy=-1.png  used on input line
 44.
(pdftex.def)             Requested size: 117.43965pt x 86.00195pt.
<Bilder_wxwy/t=200_wxwy=1_wxwy=-1.png, id=385, 395.076pt x 286.671pt>
File: Bilder_wxwy/t=200_wxwy=1_wxwy=-1.png Graphic file (type png)
<use Bilder_wxwy/t=200_wxwy=1_wxwy=-1.png>
Package pdftex.def Info: Bilder_wxwy/t=200_wxwy=1_wxwy=-1.png  used on input li
ne 44.
(pdftex.def)             Requested size: 118.52371pt x 86.00195pt.

Overfull \vbox (14.92404pt too high) detected at line 44
 []

[38

 <./Bilder_wxwy/Sol_onSphere_wx=1=wy_Dr=1_N=6.png> <./Bilder_wxwy/Sol_onSphere_
wx=-1=wy_Dr=1_N=6.png> <./Bilder_wxwy/t=0_wxwy=1_wxwy=-1.png> <./Bilder_wxwy/t=
200_wxwy=1_wxwy=-1.png>] Excluding 'comment' comment.)
Excluding 'comment' comment. Excluding 'comment' comment.
(latex-beamer-tutorial.bbl) [39



 <D:/Programme/MiKTeX/tex/latex/beamer/beamericonarticle.pdf>] [40


]
\tf@nav=\write7
\openout7 = `latex-beamer-tutorial.nav'.

\tf@toc=\write8
\openout8 = `latex-beamer-tutorial.toc'.

\tf@snm=\write9
\openout9 = `latex-beamer-tutorial.snm'.

 (latex-beamer-tutorial.aux (Kapitel/Introduction.aux)
(Kapitel/DriftDiffusionSpatialTransport.aux) (Kapitel/Moment_Eq.aux)
(Kapitel/Numerical_Simulations.aux) (Kapitel/CurrentWork_RectilinearFlow.aux))

LaTeX Font Warning: Some font shapes were not available, defaults substituted.

Package rerunfilecheck Info: File `latex-beamer-tutorial.out' has not changed.
(rerunfilecheck)             Checksum: 24B8447302935FC495E0B20953BF48D8;621.
 ) 
Here is how much of TeX's memory you used:
 30279 strings out of 478584
 600782 string characters out of 2856120
 855034 words of memory out of 3000000
 47670 multiletter control sequences out of 15000+600000
 500450 words of font info for 97 fonts, out of 8000000 for 9000
 1141 hyphenation exceptions out of 8191
 128i,20n,122p,503b,895s stack positions out of 5000i,500n,10000p,200000b,80000s
 <C:\Users\MyBella\AppData\Local\MiKTeX\fonts/pk/ljfour/jknappen/ec/dpi600\ec
si1095.pk> <C:\Users\MyBella\AppData\Local\MiKTeX\fonts/pk/ljfour/jknappen/ec/d
pi600\ecss0700.pk> <C:\Users\MyBella\AppData\Local\MiKTeX\fonts/pk/ljfour/jknap
pen/ec/dpi600\ecrm0800.pk> <C:\Users\MyBella\AppData\Local\MiKTeX\fonts/pk/ljfo
ur/jknappen/ec/dpi600\ecsx0800.pk> <C:\Users\MyBella\AppData\Local\MiKTeX\fonts
/pk/ljfour/jknappen/ec/dpi600\ecsi0800.pk> <C:\Users\MyBella\AppData\Local\MiKT
eX\fonts/pk/ljfour/jknappen/ec/dpi600\ecss1000.pk> <C:\Users\MyBella\AppData\Lo
cal\MiKTeX\fonts/pk/ljfour/jknappen/ec/dpi600\ecss1200.pk> <C:\Users\MyBella\Ap
pData\Local\MiKTeX\fonts/pk/ljfour/jknappen/ec/dpi600\ecss0500.pk> <C:\Users\My
Bella\AppData\Local\MiKTeX\fonts/pk/ljfour/jknappen/ec/dpi600\ecso0800.pk> <C:\
Users\MyBella\AppData\Local\MiKTeX\fonts/pk/ljfour/jknappen/ec/dpi450\ecso0800.
pk> <C:\Users\MyBella\AppData\Local\MiKTeX\fonts/pk/ljfour/jknappen/ec/dpi600\e
css0600.pk> <C:\Users\MyBella\AppData\Local\MiKTeX\fonts/pk/ljfour/jknappen/ec/
dpi600\ecss0800.pk> <C:\Users\MyBella\AppData\Local\MiKTeX\fonts/pk/ljfour/jkna
ppen/ec/dpi600\ecss1095.pk> <C:\Users\MyBella\AppData\Local\MiKTeX\fonts/pk/ljf
our/jknappen/ec/dpi600\ecss1440.pk><D:/Programme/MiKTeX/fonts/type1/public/amsf
onts/cmextra/cmex8.pfb><D:/Programme/MiKTeX/fonts/type1/public/amsfonts/cm/cmmi
10.pfb><D:/Programme/MiKTeX/fonts/type1/public/amsfonts/cm/cmmi6.pfb><D:/Progra
mme/MiKTeX/fonts/type1/public/amsfonts/cm/cmmi8.pfb><D:/Programme/MiKTeX/fonts/
type1/public/amsfonts/cm/cmss10.pfb><D:/Programme/MiKTeX/fonts/type1/public/ams
fonts/cm/cmss8.pfb><D:/Programme/MiKTeX/fonts/type1/public/amsfonts/cm/cmssi10.
pfb><D:/Programme/MiKTeX/fonts/type1/public/amsfonts/cm/cmssi8.pfb><D:/Programm
e/MiKTeX/fonts/type1/public/amsfonts/cm/cmsy10.pfb><D:/Programme/MiKTeX/fonts/t
ype1/public/amsfonts/cm/cmsy5.pfb><D:/Programme/MiKTeX/fonts/type1/public/amsfo
nts/cm/cmsy6.pfb><D:/Programme/MiKTeX/fonts/type1/public/amsfonts/cm/cmsy8.pfb>
<D:/Programme/MiKTeX/fonts/type1/public/amsfonts/symbols/msbm10.pfb>
Output written on latex-beamer-tutorial.pdf (40 pages, 1343606 bytes).
PDF statistics:
 848 PDF objects out of 1000 (max. 8388607)
 101 named destinations out of 1000 (max. 500000)
 414 words of extra memory for PDF output out of 10000 (max. 10000000)

